<?xml version="1.0" encoding="UTF-8"?>
<testng-results skipped="0" failed="0" ignored="4" total="13" passed="9">
  <reporter-output>
  </reporter-output>
  <suite name="Suite" duration-ms="94356" started-at="2021-06-14T21:18:40 IST" finished-at="2021-06-14T21:20:15 IST">
    <groups>
    </groups>
    <test name="Test" duration-ms="94356" started-at="2021-06-14T21:18:40 IST" finished-at="2021-06-14T21:20:15 IST">
      <class name="testcases.UrlVerificationTestNG">
        <test-method status="PASS" signature="beforeClass(java.lang.String,java.lang.String)[pri:0, instance:testcases.UrlVerificationTestNG@78ac1102]" name="beforeClass" is-config="true" duration-ms="11596" started-at="2021-06-14T21:18:40 IST" finished-at="2021-06-14T21:18:52 IST">
          <params>
            <param index="0">
              <value>
                <![CDATA[http://buffalocart.com/demo/erp/login]]>
              </value>
            </param>
            <param index="1">
              <value>
                <![CDATA[chrome]]>
              </value>
            </param>
          </params>
          <reporter-output>
          </reporter-output>
        </test-method> <!-- beforeClass -->
        <test-method status="PASS" signature="urlVerification()[pri:1, instance:testcases.UrlVerificationTestNG@78ac1102]" name="urlVerification" duration-ms="21" started-at="2021-06-14T21:18:52 IST" finished-at="2021-06-14T21:18:52 IST">
          <reporter-output>
          </reporter-output>
        </test-method> <!-- urlVerification -->
        <test-method status="PASS" signature="titleVerification(java.lang.String,java.lang.String)[pri:2, instance:testcases.UrlVerificationTestNG@78ac1102]" name="titleVerification" duration-ms="7" started-at="2021-06-14T21:18:52 IST" data-provider="TitleProvider" finished-at="2021-06-14T21:18:52 IST">
          <params>
            <param index="0">
              <value>
                <![CDATA[expectedTitle]]>
              </value>
            </param>
            <param index="1">
              <value>
                <![CDATA[Welcome to Codecarrots]]>
              </value>
            </param>
          </params>
          <reporter-output>
          </reporter-output>
        </test-method> <!-- titleVerification -->
        <test-method status="PASS" signature="afterClass()[pri:0, instance:testcases.UrlVerificationTestNG@78ac1102]" name="afterClass" is-config="true" duration-ms="833" started-at="2021-06-14T21:18:52 IST" finished-at="2021-06-14T21:18:53 IST">
          <reporter-output>
          </reporter-output>
        </test-method> <!-- afterClass -->
      </class> <!-- testcases.UrlVerificationTestNG -->
      <class name="testcases.TaskPageTestNG">
        <test-method status="PASS" signature="beforeClass()[pri:0, instance:testcases.TaskPageTestNG@42607a4f]" name="beforeClass" is-config="true" duration-ms="26" started-at="2021-06-14T21:19:44 IST" finished-at="2021-06-14T21:19:44 IST">
          <reporter-output>
          </reporter-output>
        </test-method> <!-- beforeClass -->
        <test-method status="PASS" signature="taskMenuVerification()[pri:1, instance:testcases.TaskPageTestNG@42607a4f]" name="taskMenuVerification" duration-ms="9767" started-at="2021-06-14T21:19:44 IST" finished-at="2021-06-14T21:19:54 IST">
          <reporter-output>
          </reporter-output>
        </test-method> <!-- taskMenuVerification -->
        <test-method status="PASS" signature="afterClass()[pri:0, instance:testcases.TaskPageTestNG@42607a4f]" name="afterClass" is-config="true" duration-ms="6288" started-at="2021-06-14T21:19:54 IST" finished-at="2021-06-14T21:20:00 IST">
          <reporter-output>
          </reporter-output>
        </test-method> <!-- afterClass -->
      </class> <!-- testcases.TaskPageTestNG -->
      <class name="testcases.LeavePageTestNG">
        <test-method status="PASS" signature="beforeClass()[pri:0, instance:testcases.LeavePageTestNG@782663d3]" name="beforeClass" is-config="true" duration-ms="4" started-at="2021-06-14T21:20:00 IST" finished-at="2021-06-14T21:20:00 IST">
          <reporter-output>
          </reporter-output>
        </test-method> <!-- beforeClass -->
        <test-method status="PASS" signature="leaveMenuVerification()[pri:1, instance:testcases.LeavePageTestNG@782663d3]" name="leaveMenuVerification" duration-ms="6963" started-at="2021-06-14T21:20:00 IST" finished-at="2021-06-14T21:20:07 IST">
          <reporter-output>
          </reporter-output>
        </test-method> <!-- leaveMenuVerification -->
        <test-method status="PASS" signature="applyLeave()[pri:2, instance:testcases.LeavePageTestNG@782663d3]" name="applyLeave" duration-ms="7508" started-at="2021-06-14T21:20:07 IST" finished-at="2021-06-14T21:20:15 IST">
          <reporter-output>
          </reporter-output>
        </test-method> <!-- applyLeave -->
      </class> <!-- testcases.LeavePageTestNG -->
      <class name="testcases.LoginPageTestNG">
        <test-method status="PASS" signature="beforeClass()[pri:0, instance:testcases.LoginPageTestNG@18bf3d14]" name="beforeClass" is-config="true" duration-ms="10330" started-at="2021-06-14T21:18:53 IST" finished-at="2021-06-14T21:19:03 IST">
          <reporter-output>
          </reporter-output>
        </test-method> <!-- beforeClass -->
        <test-method status="PASS" signature="gotoLoginPage()[pri:0, instance:testcases.LoginPageTestNG@18bf3d14]" name="gotoLoginPage" is-config="true" duration-ms="2376" started-at="2021-06-14T21:19:03 IST" finished-at="2021-06-14T21:19:06 IST">
          <reporter-output>
          </reporter-output>
        </test-method> <!-- gotoLoginPage -->
        <test-method status="PASS" signature="invalidUsernameValidPassword()[pri:1, instance:testcases.LoginPageTestNG@18bf3d14]" name="invalidUsernameValidPassword" duration-ms="1207" started-at="2021-06-14T21:19:06 IST" finished-at="2021-06-14T21:19:07 IST">
          <reporter-output>
          </reporter-output>
        </test-method> <!-- invalidUsernameValidPassword -->
        <test-method status="PASS" signature="gotoLoginPage()[pri:0, instance:testcases.LoginPageTestNG@18bf3d14]" name="gotoLoginPage" is-config="true" duration-ms="2342" started-at="2021-06-14T21:19:07 IST" finished-at="2021-06-14T21:19:09 IST">
          <reporter-output>
          </reporter-output>
        </test-method> <!-- gotoLoginPage -->
        <test-method status="PASS" signature="validUsernameInvalidPassword()[pri:2, instance:testcases.LoginPageTestNG@18bf3d14]" name="validUsernameInvalidPassword" duration-ms="1134" started-at="2021-06-14T21:19:09 IST" finished-at="2021-06-14T21:19:10 IST">
          <reporter-output>
          </reporter-output>
        </test-method> <!-- validUsernameInvalidPassword -->
        <test-method status="PASS" signature="gotoLoginPage()[pri:0, instance:testcases.LoginPageTestNG@18bf3d14]" name="gotoLoginPage" is-config="true" duration-ms="2299" started-at="2021-06-14T21:19:10 IST" finished-at="2021-06-14T21:19:13 IST">
          <reporter-output>
          </reporter-output>
        </test-method> <!-- gotoLoginPage -->
        <test-method status="PASS" signature="invalidUsernameInvalidPassword()[pri:3, instance:testcases.LoginPageTestNG@18bf3d14]" name="invalidUsernameInvalidPassword" duration-ms="4364" started-at="2021-06-14T21:19:13 IST" finished-at="2021-06-14T21:19:17 IST">
          <reporter-output>
          </reporter-output>
        </test-method> <!-- invalidUsernameInvalidPassword -->
        <test-method status="PASS" signature="gotoLoginPage()[pri:0, instance:testcases.LoginPageTestNG@18bf3d14]" name="gotoLoginPage" is-config="true" duration-ms="2409" started-at="2021-06-14T21:19:17 IST" finished-at="2021-06-14T21:19:19 IST">
          <reporter-output>
          </reporter-output>
        </test-method> <!-- gotoLoginPage -->
        <test-method status="PASS" signature="validUsernameValidPassword()[pri:4, instance:testcases.LoginPageTestNG@18bf3d14]" name="validUsernameValidPassword" duration-ms="24780" started-at="2021-06-14T21:19:19 IST" finished-at="2021-06-14T21:19:44 IST">
          <reporter-output>
          </reporter-output>
        </test-method> <!-- validUsernameValidPassword -->
        <test-method status="PASS" signature="afterClass()[pri:0, instance:testcases.LoginPageTestNG@18bf3d14]" name="afterClass" is-config="true" duration-ms="0" started-at="2021-06-14T21:19:44 IST" finished-at="2021-06-14T21:19:44 IST">
          <reporter-output>
          </reporter-output>
        </test-method> <!-- afterClass -->
      </class> <!-- testcases.LoginPageTestNG -->
    </test> <!-- Test -->
  </suite> <!-- Suite -->
</testng-results>
