<?xml version="1.0" encoding="UTF-8"?>
<!-- Generated by org.testng.reporters.JUnitXMLReporter -->
<testsuite hostname="DESKTOP-7V0L2NM" ignored="7" name="Test" tests="10" failures="0" timestamp="2021-06-14T17:08:20 IST" time="76.494" errors="0">
  <testcase name="urlVerification" time="0.031" classname="testcases.UrlVerificationTestNG"/>
  <testcase name="titleVerification" time="0.0" classname="testcases.UrlVerificationTestNG"/>
  <testcase name="invalidUsernameValidPassword" time="0.878" classname="testcases.LoginPageTestNG"/>
  <testcase name="validUsernameInvalidPassword" time="0.854" classname="testcases.LoginPageTestNG"/>
  <testcase name="invalidUsernameInvalidPassword" time="2.939" classname="testcases.LoginPageTestNG"/>
  <testcase name="validUsernameValidPassword" time="12.241" classname="testcases.LoginPageTestNG"/>
  <testcase name="projectMenuVerification" time="8.25" classname="testcases.ProjectsTestNG"/>
  <testcase name="taskMenuVerification" time="2.731" classname="testcases.TaskPageTestNG"/>
  <testcase name="leaveMenuVerification" time="2.692" classname="testcases.LeavePageTestNG"/>
  <testcase name="logoutVerification" time="7.035" classname="testcases.LogoutPageTestNG"/>
  <testcase name="projectChangeStatusCheck" time="0.0" classname="testcases.ProjectsTestNG">
    <ignored/>
  </testcase> <!-- projectChangeStatusCheck -->
  <testcase name="addNewProject" time="0.0" classname="testcases.ProjectsTestNG">
    <ignored/>
  </testcase> <!-- addNewProject -->
  <testcase name="addNewTask" time="0.0" classname="testcases.TaskPageTestNG">
    <ignored/>
  </testcase> <!-- addNewTask -->
  <testcase name="downloadSampleFile" time="0.0" classname="testcases.TaskPageTestNG">
    <ignored/>
  </testcase> <!-- downloadSampleFile -->
  <testcase name="importTaskFile" time="0.0" classname="testcases.TaskPageTestNG">
    <ignored/>
  </testcase> <!-- importTaskFile -->
  <testcase name="verifyProjectInAllProjectsMenu" time="0.0" classname="testcases.ProjectsTestNG">
    <ignored/>
  </testcase> <!-- verifyProjectInAllProjectsMenu -->
  <testcase name="deleteTask" time="0.0" classname="testcases.TaskPageTestNG">
    <ignored/>
  </testcase> <!-- deleteTask -->
</testsuite> <!-- Test -->
