<?xml version="1.0" encoding="UTF-8"?>
<!-- Generated by org.testng.reporters.JUnitXMLReporter -->
<testsuite hostname="DESKTOP-7V0L2NM" ignored="7" name="Test" tests="9" failures="0" timestamp="2021-06-13T23:46:16 IST" time="66.349" errors="0">
  <testcase name="urlVerification" time="0.019" classname="testcases.UrlVerificationTestNG"/>
  <testcase name="titleVerification" time="0.01" classname="testcases.UrlVerificationTestNG"/>
  <testcase name="invalidUsernameValidPassword" time="1.603" classname="testcases.LoginPageTestNG"/>
  <testcase name="validUsernameInvalidPassword" time="0.954" classname="testcases.LoginPageTestNG"/>
  <testcase name="invalidUsernameInvalidPassword" time="2.977" classname="testcases.LoginPageTestNG"/>
  <testcase name="validUsernameValidPassword" time="11.347" classname="testcases.LoginPageTestNG"/>
  <testcase name="projectMenuVerification" time="4.162" classname="testcases.ProjectsTestNG"/>
  <testcase name="taskMenuVerification" time="2.303" classname="testcases.TaskPageTestNG"/>
  <testcase name="logoutVerification" time="7.857" classname="testcases.LogoutPageTestNG"/>
  <testcase name="projectChangeStatusCheck" time="0.0" classname="testcases.ProjectsTestNG">
    <ignored/>
  </testcase> <!-- projectChangeStatusCheck -->
  <testcase name="addNewProject" time="0.0" classname="testcases.ProjectsTestNG">
    <ignored/>
  </testcase> <!-- addNewProject -->
  <testcase name="addNewTask" time="0.0" classname="testcases.TaskPageTestNG">
    <ignored/>
  </testcase> <!-- addNewTask -->
  <testcase name="downloadSampleFile" time="0.0" classname="testcases.TaskPageTestNG">
    <ignored/>
  </testcase> <!-- downloadSampleFile -->
  <testcase name="importTaskFile" time="0.0" classname="testcases.TaskPageTestNG">
    <ignored/>
  </testcase> <!-- importTaskFile -->
  <testcase name="verifyProjectInAllProjectsMenu" time="0.0" classname="testcases.ProjectsTestNG">
    <ignored/>
  </testcase> <!-- verifyProjectInAllProjectsMenu -->
  <testcase name="deleteTask" time="0.0" classname="testcases.TaskPageTestNG">
    <ignored/>
  </testcase> <!-- deleteTask -->
</testsuite> <!-- Test -->
